<?xml version="1.0" encoding="UTF-8"?>
<coverage generated="1733789584672" clover="3.2.0">
  <project timestamp="1733789584673" name="All files">
    <metrics statements="17" coveredstatements="11" conditionals="10" coveredconditionals="3" methods="1" coveredmethods="1" elements="28" coveredelements="15" complexity="0" loc="17" ncloc="17" packages="1" files="1" classes="1"/>
    <file name="script.js" path="C:\Users\Guilherme\Desktop\DODEV\Node.js\colocando_em_pratica#24\script.js">
      <metrics statements="17" coveredstatements="11" conditionals="10" coveredconditionals="3" methods="1" coveredmethods="1"/>
      <line num="8" count="1" type="stmt"/>
      <line num="10" count="1" type="stmt"/>
      <line num="15" count="2" type="cond" truecount="2" falsecount="0"/>
      <line num="16" count="1" type="stmt"/>
      <line num="17" count="1" type="stmt"/>
      <line num="19" count="1" type="stmt"/>
      <line num="20" count="1" type="cond" truecount="1" falsecount="1"/>
      <line num="21" count="1" type="stmt"/>
      <line num="22" count="1" type="stmt"/>
      <line num="24" count="1" type="stmt"/>
      <line num="25" count="0" type="cond" truecount="0" falsecount="2"/>
      <line num="26" count="0" type="stmt"/>
      <line num="27" count="0" type="stmt"/>
      <line num="28" count="0" type="cond" truecount="0" falsecount="4"/>
      <line num="29" count="0" type="stmt"/>
      <line num="30" count="0" type="stmt"/>
      <line num="36" count="1" type="stmt"/>
    </file>
  </project>
</coverage>
