{"C:\\Users\\Guilherme\\Desktop\\DODEV\\Node.js\\colocando_em_pratica#24\\script.js": {"path":"C:\\Users\\Guilherme\\Desktop\\DODEV\\Node.js\\colocando_em_pratica#24\\script.js","statementMap":{"0":{"start":{"line":8,"column":24},"end":{"line":8,"column":34}},"1":{"start":{"line":10,"column":12},"end":{"line":10,"column":22}},"2":{"start":{"line":15,"column":4},"end":{"line":31,"column":5}},"3":{"start":{"line":16,"column":8},"end":{"line":16,"column":37}},"4":{"start":{"line":17,"column":8},"end":{"line":17,"column":23}},"5":{"start":{"line":19,"column":8},"end":{"line":19,"column":32}},"6":{"start":{"line":20,"column":10},"end":{"line":31,"column":5}},"7":{"start":{"line":21,"column":8},"end":{"line":21,"column":37}},"8":{"start":{"line":22,"column":8},"end":{"line":22,"column":23}},"9":{"start":{"line":24,"column":8},"end":{"line":24,"column":32}},"10":{"start":{"line":25,"column":10},"end":{"line":31,"column":5}},"11":{"start":{"line":26,"column":8},"end":{"line":26,"column":75}},"12":{"start":{"line":27,"column":8},"end":{"line":27,"column":20}},"13":{"start":{"line":28,"column":10},"end":{"line":31,"column":5}},"14":{"start":{"line":29,"column":8},"end":{"line":29,"column":75}},"15":{"start":{"line":30,"column":8},"end":{"line":30,"column":20}},"16":{"start":{"line":36,"column":0},"end":{"line":36,"column":37}}},"fnMap":{"0":{"name":"CalculoCombustivel","decl":{"start":{"line":14,"column":9},"end":{"line":14,"column":27}},"loc":{"start":{"line":14,"column":64},"end":{"line":32,"column":1}},"line":14}},"branchMap":{"0":{"loc":{"start":{"line":15,"column":4},"end":{"line":31,"column":5}},"type":"if","locations":[{"start":{"line":15,"column":4},"end":{"line":31,"column":5}},{"start":{"line":20,"column":10},"end":{"line":31,"column":5}}],"line":15},"1":{"loc":{"start":{"line":20,"column":10},"end":{"line":31,"column":5}},"type":"if","locations":[{"start":{"line":20,"column":10},"end":{"line":31,"column":5}},{"start":{"line":25,"column":10},"end":{"line":31,"column":5}}],"line":20},"2":{"loc":{"start":{"line":25,"column":10},"end":{"line":31,"column":5}},"type":"if","locations":[{"start":{"line":25,"column":10},"end":{"line":31,"column":5}},{"start":{"line":28,"column":10},"end":{"line":31,"column":5}}],"line":25},"3":{"loc":{"start":{"line":28,"column":10},"end":{"line":31,"column":5}},"type":"if","locations":[{"start":{"line":28,"column":10},"end":{"line":31,"column":5}},{"start":{},"end":{}}],"line":28},"4":{"loc":{"start":{"line":28,"column":13},"end":{"line":28,"column":103}},"type":"binary-expr","locations":[{"start":{"line":28,"column":13},"end":{"line":28,"column":57}},{"start":{"line":28,"column":61},"end":{"line":28,"column":103}}],"line":28}},"s":{"0":1,"1":1,"2":2,"3":1,"4":1,"5":1,"6":1,"7":1,"8":1,"9":1,"10":0,"11":0,"12":0,"13":0,"14":0,"15":0,"16":1},"f":{"0":2},"b":{"0":[1,1],"1":[1,0],"2":[0,0],"3":[0,0],"4":[0,0]},"_coverageSchema":"1a1c01bbd47fc00a2c39e90264f33305004495a9","hash":"0a1b3a89c3fe8e3d481ddfea52dac45b337c1db3"}
}
